25-Sep-2024 19:17:52.107 INFO [main] org.apache.catalina.startup.VersionLoggerListener.log Server version name:   Apache Tomcat/9.0.95
25-Sep-2024 19:17:52.112 INFO [main] org.apache.catalina.startup.VersionLoggerListener.log Server built:          Sep 13 2024 18:07:47 UTC
25-Sep-2024 19:17:52.114 INFO [main] org.apache.catalina.startup.VersionLoggerListener.log Server version number: 9.0.95.0
25-Sep-2024 19:17:52.114 INFO [main] org.apache.catalina.startup.VersionLoggerListener.log OS Name:               Windows 10
25-Sep-2024 19:17:52.114 INFO [main] org.apache.catalina.startup.VersionLoggerListener.log OS Version:            10.0
25-Sep-2024 19:17:52.115 INFO [main] org.apache.catalina.startup.VersionLoggerListener.log Architecture:          amd64
25-Sep-2024 19:17:52.115 INFO [main] org.apache.catalina.startup.VersionLoggerListener.log Java Home:             C:\Program Files\Eclipse Adoptium\jre-11.0.24.8-hotspot
25-Sep-2024 19:17:52.116 INFO [main] org.apache.catalina.startup.VersionLoggerListener.log JVM Version:           11.0.24+8
25-Sep-2024 19:17:52.116 INFO [main] org.apache.catalina.startup.VersionLoggerListener.log JVM Vendor:            Eclipse Adoptium
25-Sep-2024 19:17:52.116 INFO [main] org.apache.catalina.startup.VersionLoggerListener.log CATALINA_BASE:         C:\Program Files\Apache Software Foundation\Tomcat 9.0
25-Sep-2024 19:17:52.117 INFO [main] org.apache.catalina.startup.VersionLoggerListener.log CATALINA_HOME:         C:\Program Files\Apache Software Foundation\Tomcat 9.0
25-Sep-2024 19:17:52.141 INFO [main] org.apache.catalina.startup.VersionLoggerListener.log Command line argument: -Dcatalina.home=C:\Program Files\Apache Software Foundation\Tomcat 9.0
25-Sep-2024 19:17:52.142 INFO [main] org.apache.catalina.startup.VersionLoggerListener.log Command line argument: -Dcatalina.base=C:\Program Files\Apache Software Foundation\Tomcat 9.0
25-Sep-2024 19:17:52.144 INFO [main] org.apache.catalina.startup.VersionLoggerListener.log Command line argument: -Djava.io.tmpdir=C:\Program Files\Apache Software Foundation\Tomcat 9.0\temp
25-Sep-2024 19:17:52.145 INFO [main] org.apache.catalina.startup.VersionLoggerListener.log Command line argument: -Djava.util.logging.manager=org.apache.juli.ClassLoaderLogManager
25-Sep-2024 19:17:52.145 INFO [main] org.apache.catalina.startup.VersionLoggerListener.log Command line argument: -Djava.util.logging.config.file=C:\Program Files\Apache Software Foundation\Tomcat 9.0\conf\logging.properties
25-Sep-2024 19:17:52.146 INFO [main] org.apache.catalina.startup.VersionLoggerListener.log Command line argument: --add-opens=java.base/java.lang=ALL-UNNAMED
25-Sep-2024 19:17:52.148 INFO [main] org.apache.catalina.startup.VersionLoggerListener.log Command line argument: --add-opens=java.base/java.io=ALL-UNNAMED
25-Sep-2024 19:17:52.149 INFO [main] org.apache.catalina.startup.VersionLoggerListener.log Command line argument: --add-opens=java.rmi/sun.rmi.transport=ALL-UNNAMED
25-Sep-2024 19:17:52.150 INFO [main] org.apache.catalina.startup.VersionLoggerListener.log Command line argument: exit
25-Sep-2024 19:17:52.151 INFO [main] org.apache.catalina.startup.VersionLoggerListener.log Command line argument: abort
25-Sep-2024 19:17:52.152 INFO [main] org.apache.catalina.startup.VersionLoggerListener.log Command line argument: -Xms128m
25-Sep-2024 19:17:52.152 INFO [main] org.apache.catalina.startup.VersionLoggerListener.log Command line argument: -Xmx256m
25-Sep-2024 19:17:52.159 INFO [main] org.apache.catalina.core.AprLifecycleListener.lifecycleEvent The Apache Tomcat Native library which allows using OpenSSL was not found on the java.library.path: [C:\Program Files\Apache Software Foundation\Tomcat 9.0\bin;C:\Windows\Sun\Java\bin;C:\Windows\system32;C:\Windows;C:\Program Files\Eclipse Adoptium\jre-11.0.24.8-hotspot\bin;C:\Program Files\Eclipse Adoptium\jre-11.0.24.8-hotspot\bin;C:\Windows\system32;C:\Windows;C:\Windows\System32\Wbem;C:\Windows\System32\WindowsPowerShell\v1.0\;C:\Windows\System32\OpenSSH\;C:\Program Files\dotnet\;C:\Users\USER\AppData\Local\Microsoft\WindowsApps;C:\Users\USER\AppData\Local\GitHubDesktop\bin;C:\Users\USER\AppData\Local\Programs\Microsoft VS Code\bin;.]
25-Sep-2024 19:17:52.642 INFO [main] org.apache.coyote.AbstractProtocol.init Initializing ProtocolHandler ["http-nio-8080"]
25-Sep-2024 19:17:52.709 INFO [main] org.apache.catalina.startup.Catalina.load Server initialization in [938] milliseconds
25-Sep-2024 19:17:52.851 INFO [main] org.apache.catalina.core.StandardService.startInternal Starting service [Catalina]
25-Sep-2024 19:17:52.852 INFO [main] org.apache.catalina.core.StandardEngine.startInternal Starting Servlet engine: [Apache Tomcat/9.0.95]
25-Sep-2024 19:17:52.916 INFO [main] org.apache.catalina.startup.HostConfig.deployWAR Deploying web application archive [C:\Program Files\Apache Software Foundation\Tomcat 9.0\webapps\geoserver.war]
25-Sep-2024 19:19:37.792 INFO [main] org.apache.catalina.startup.VersionLoggerListener.log Server version name:   Apache Tomcat/9.0.95
25-Sep-2024 19:19:37.803 INFO [main] org.apache.catalina.startup.VersionLoggerListener.log Server built:          Sep 13 2024 18:07:47 UTC
25-Sep-2024 19:19:37.803 INFO [main] org.apache.catalina.startup.VersionLoggerListener.log Server version number: 9.0.95.0
25-Sep-2024 19:19:37.804 INFO [main] org.apache.catalina.startup.VersionLoggerListener.log OS Name:               Windows 10
25-Sep-2024 19:19:37.804 INFO [main] org.apache.catalina.startup.VersionLoggerListener.log OS Version:            10.0
25-Sep-2024 19:19:37.806 INFO [main] org.apache.catalina.startup.VersionLoggerListener.log Architecture:          amd64
25-Sep-2024 19:19:37.807 INFO [main] org.apache.catalina.startup.VersionLoggerListener.log Java Home:             C:\Program Files\Eclipse Adoptium\jre-11.0.24.8-hotspot
25-Sep-2024 19:19:37.807 INFO [main] org.apache.catalina.startup.VersionLoggerListener.log JVM Version:           11.0.24+8
25-Sep-2024 19:19:37.811 INFO [main] org.apache.catalina.startup.VersionLoggerListener.log JVM Vendor:            Eclipse Adoptium
25-Sep-2024 19:19:37.812 INFO [main] org.apache.catalina.startup.VersionLoggerListener.log CATALINA_BASE:         C:\Program Files\Apache Software Foundation\Tomcat 9.0
25-Sep-2024 19:19:37.812 INFO [main] org.apache.catalina.startup.VersionLoggerListener.log CATALINA_HOME:         C:\Program Files\Apache Software Foundation\Tomcat 9.0
25-Sep-2024 19:19:37.840 INFO [main] org.apache.catalina.startup.VersionLoggerListener.log Command line argument: -Dcatalina.home=C:\Program Files\Apache Software Foundation\Tomcat 9.0
25-Sep-2024 19:19:37.841 INFO [main] org.apache.catalina.startup.VersionLoggerListener.log Command line argument: -Dcatalina.base=C:\Program Files\Apache Software Foundation\Tomcat 9.0
25-Sep-2024 19:19:37.841 INFO [main] org.apache.catalina.startup.VersionLoggerListener.log Command line argument: -Djava.io.tmpdir=C:\Program Files\Apache Software Foundation\Tomcat 9.0\temp
25-Sep-2024 19:19:37.842 INFO [main] org.apache.catalina.startup.VersionLoggerListener.log Command line argument: -Djava.util.logging.manager=org.apache.juli.ClassLoaderLogManager
25-Sep-2024 19:19:37.842 INFO [main] org.apache.catalina.startup.VersionLoggerListener.log Command line argument: -Djava.util.logging.config.file=C:\Program Files\Apache Software Foundation\Tomcat 9.0\conf\logging.properties
25-Sep-2024 19:19:37.842 INFO [main] org.apache.catalina.startup.VersionLoggerListener.log Command line argument: --add-opens=java.base/java.lang=ALL-UNNAMED
25-Sep-2024 19:19:37.843 INFO [main] org.apache.catalina.startup.VersionLoggerListener.log Command line argument: --add-opens=java.base/java.io=ALL-UNNAMED
25-Sep-2024 19:19:37.843 INFO [main] org.apache.catalina.startup.VersionLoggerListener.log Command line argument: --add-opens=java.rmi/sun.rmi.transport=ALL-UNNAMED
25-Sep-2024 19:19:37.843 INFO [main] org.apache.catalina.startup.VersionLoggerListener.log Command line argument: exit
25-Sep-2024 19:19:37.849 INFO [main] org.apache.catalina.startup.VersionLoggerListener.log Command line argument: abort
25-Sep-2024 19:19:37.850 INFO [main] org.apache.catalina.startup.VersionLoggerListener.log Command line argument: -Xms128m
25-Sep-2024 19:19:37.850 INFO [main] org.apache.catalina.startup.VersionLoggerListener.log Command line argument: -Xmx256m
25-Sep-2024 19:19:37.867 INFO [main] org.apache.catalina.core.AprLifecycleListener.lifecycleEvent The Apache Tomcat Native library which allows using OpenSSL was not found on the java.library.path: [C:\Program Files\Apache Software Foundation\Tomcat 9.0\bin;C:\Windows\Sun\Java\bin;C:\Windows\system32;C:\Windows;C:\Program Files\Eclipse Adoptium\jre-11.0.24.8-hotspot\bin;C:\Program Files\Eclipse Adoptium\jre-11.0.24.8-hotspot\bin;C:\Windows\system32;C:\Windows;C:\Windows\System32\Wbem;C:\Windows\System32\WindowsPowerShell\v1.0\;C:\Windows\System32\OpenSSH\;C:\Program Files\dotnet\;C:\Windows\ServiceProfiles\LocalService\AppData\Local\Microsoft\WindowsApps;.]
25-Sep-2024 19:19:38.432 INFO [main] org.apache.coyote.AbstractProtocol.init Initializing ProtocolHandler ["http-nio-8080"]
25-Sep-2024 19:19:38.473 INFO [main] org.apache.catalina.startup.Catalina.load Server initialization in [1119] milliseconds
25-Sep-2024 19:19:38.574 INFO [main] org.apache.catalina.core.StandardService.startInternal Starting service [Catalina]
25-Sep-2024 19:19:38.574 INFO [main] org.apache.catalina.core.StandardEngine.startInternal Starting Servlet engine: [Apache Tomcat/9.0.95]
25-Sep-2024 19:19:38.600 INFO [main] org.apache.catalina.startup.HostConfig.deployWAR Deploying web application archive [C:\Program Files\Apache Software Foundation\Tomcat 9.0\webapps\geoserver.war]
25-Sep-2024 19:19:50.239 INFO [main] org.apache.jasper.servlet.TldScanner.scanJars At least one JAR was scanned for TLDs yet contained no TLDs. Enable debug logging for this logger for a complete list of JARs that were scanned but no TLDs were found in them. Skipping unneeded JARs during scanning can improve startup time and JSP compilation time.
25-Sep-2024 19:20:23.042 WARNING [main] org.apache.catalina.util.SessionIdGeneratorBase.createSecureRandom Creation of SecureRandom instance for session ID generation using [SHA1PRNG] took [154] milliseconds.
25-Sep-2024 19:20:23.155 INFO [main] org.apache.catalina.startup.HostConfig.deployWAR Deployment of web application archive [C:\Program Files\Apache Software Foundation\Tomcat 9.0\webapps\geoserver.war] has finished in [44,554] ms
25-Sep-2024 19:20:23.156 INFO [main] org.apache.catalina.startup.HostConfig.deployDirectory Deploying web application directory [C:\Program Files\Apache Software Foundation\Tomcat 9.0\webapps\docs]
25-Sep-2024 19:20:23.238 INFO [main] org.apache.catalina.startup.HostConfig.deployDirectory Deployment of web application directory [C:\Program Files\Apache Software Foundation\Tomcat 9.0\webapps\docs] has finished in [83] ms
25-Sep-2024 19:20:23.239 INFO [main] org.apache.catalina.startup.HostConfig.deployDirectory Deploying web application directory [C:\Program Files\Apache Software Foundation\Tomcat 9.0\webapps\examples]
25-Sep-2024 19:20:25.286 INFO [main] org.apache.catalina.startup.HostConfig.deployDirectory Deployment of web application directory [C:\Program Files\Apache Software Foundation\Tomcat 9.0\webapps\examples] has finished in [2,047] ms
25-Sep-2024 19:20:25.287 INFO [main] org.apache.catalina.startup.HostConfig.deployDirectory Deploying web application directory [C:\Program Files\Apache Software Foundation\Tomcat 9.0\webapps\host-manager]
25-Sep-2024 19:20:25.384 INFO [main] org.apache.catalina.startup.HostConfig.deployDirectory Deployment of web application directory [C:\Program Files\Apache Software Foundation\Tomcat 9.0\webapps\host-manager] has finished in [97] ms
25-Sep-2024 19:20:25.385 INFO [main] org.apache.catalina.startup.HostConfig.deployDirectory Deploying web application directory [C:\Program Files\Apache Software Foundation\Tomcat 9.0\webapps\licenses]
25-Sep-2024 19:20:25.428 INFO [main] org.apache.catalina.startup.HostConfig.deployDirectory Deployment of web application directory [C:\Program Files\Apache Software Foundation\Tomcat 9.0\webapps\licenses] has finished in [43] ms
25-Sep-2024 19:20:25.429 INFO [main] org.apache.catalina.startup.HostConfig.deployDirectory Deploying web application directory [C:\Program Files\Apache Software Foundation\Tomcat 9.0\webapps\manager]
25-Sep-2024 19:20:25.506 INFO [main] org.apache.catalina.startup.HostConfig.deployDirectory Deployment of web application directory [C:\Program Files\Apache Software Foundation\Tomcat 9.0\webapps\manager] has finished in [78] ms
25-Sep-2024 19:20:25.507 INFO [main] org.apache.catalina.startup.HostConfig.deployDirectory Deploying web application directory [C:\Program Files\Apache Software Foundation\Tomcat 9.0\webapps\ROOT]
25-Sep-2024 19:20:25.555 INFO [main] org.apache.catalina.startup.HostConfig.deployDirectory Deployment of web application directory [C:\Program Files\Apache Software Foundation\Tomcat 9.0\webapps\ROOT] has finished in [48] ms
25-Sep-2024 19:20:25.566 INFO [main] org.apache.coyote.AbstractProtocol.start Starting ProtocolHandler ["http-nio-8080"]
25-Sep-2024 19:20:25.610 INFO [main] org.apache.catalina.startup.Catalina.start Server startup in [47136] milliseconds
25-Sep-2024 19:33:57.143 INFO [Catalina-utility-2] org.apache.catalina.startup.HostConfig.deployDirectory Deploying web application directory [C:\Program Files\Apache Software Foundation\Tomcat 9.0\webapps\leaflet_app]
25-Sep-2024 19:33:57.188 INFO [Catalina-utility-2] org.apache.catalina.startup.HostConfig.deployDirectory Deployment of web application directory [C:\Program Files\Apache Software Foundation\Tomcat 9.0\webapps\leaflet_app] has finished in [44] ms
25-Sep-2024 19:34:37.238 INFO [Catalina-utility-1] org.apache.catalina.startup.HostConfig.deployDirectory Deploying web application directory [C:\Program Files\Apache Software Foundation\Tomcat 9.0\webapps\openlayers_app]
25-Sep-2024 19:34:37.274 INFO [Catalina-utility-1] org.apache.catalina.startup.HostConfig.deployDirectory Deployment of web application directory [C:\Program Files\Apache Software Foundation\Tomcat 9.0\webapps\openlayers_app] has finished in [36] ms
25-Sep-2024 19:43:31.262 INFO [Thread-5] org.apache.coyote.AbstractProtocol.pause Pausing ProtocolHandler ["http-nio-8080"]
25-Sep-2024 19:43:31.673 INFO [Thread-5] org.apache.catalina.core.StandardService.stopInternal Stopping service [Catalina]
25-Sep-2024 19:43:33.536 WARNING [Thread-5] org.apache.catalina.loader.WebappClassLoaderBase.clearReferencesThreads The web application [geoserver] appears to have started a thread named [FileSystemWatcher-1] but has failed to stop it. This is very likely to create a memory leak. Stack trace of thread:
 java.base@11.0.24/jdk.internal.misc.Unsafe.park(Native Method)
 java.base@11.0.24/java.util.concurrent.locks.LockSupport.parkNanos(Unknown Source)
 java.base@11.0.24/java.util.concurrent.locks.AbstractQueuedSynchronizer$ConditionObject.awaitNanos(Unknown Source)
 java.base@11.0.24/java.util.concurrent.ScheduledThreadPoolExecutor$DelayedWorkQueue.take(Unknown Source)
 java.base@11.0.24/java.util.concurrent.ScheduledThreadPoolExecutor$DelayedWorkQueue.take(Unknown Source)
 java.base@11.0.24/java.util.concurrent.ThreadPoolExecutor.getTask(Unknown Source)
 java.base@11.0.24/java.util.concurrent.ThreadPoolExecutor.runWorker(Unknown Source)
 java.base@11.0.24/java.util.concurrent.ThreadPoolExecutor$Worker.run(Unknown Source)
 java.base@11.0.24/java.lang.Thread.run(Unknown Source)
25-Sep-2024 19:43:33.536 WARNING [Thread-5] org.apache.catalina.loader.WebappClassLoaderBase.clearReferencesThreads The web application [geoserver] appears to have started a thread named [EMF Reference Cleaner] but has failed to stop it. This is very likely to create a memory leak. Stack trace of thread:
 java.base@11.0.24/java.lang.Object.wait(Native Method)
 java.base@11.0.24/java.lang.ref.ReferenceQueue.remove(Unknown Source)
 java.base@11.0.24/java.lang.ref.ReferenceQueue.remove(Unknown Source)
 org.eclipse.emf.common.util.CommonUtil$1ReferenceClearingQueuePollingThread.run(CommonUtil.java:70)
25-Sep-2024 19:43:33.536 SEVERE [Thread-5] org.apache.catalina.loader.WebappClassLoaderBase.checkThreadLocalMapForLeaks The web application [geoserver] created a ThreadLocal with key of type [java.lang.ThreadLocal.SuppliedThreadLocal] (value [java.lang.ThreadLocal$SuppliedThreadLocal@228392cb]) and a value of type [org.geowebcache.storage.CompositeBlobStore.StoreSuitabilityCheck] (value [EXISTING]) but failed to remove it when the web application was stopped. Threads are going to be renewed over time to try and avoid a probable memory leak.
25-Sep-2024 19:43:33.552 SEVERE [Thread-5] org.apache.catalina.loader.WebappClassLoaderBase.checkThreadLocalMapForLeaks The web application [geoserver] created a ThreadLocal with key of type [java.lang.ThreadLocal] (value [java.lang.ThreadLocal@36cda0b1]) and a value of type [org.springframework.security.core.context.SecurityContextImpl] (value [SecurityContextImpl [Null authentication]]) but failed to remove it when the web application was stopped. Threads are going to be renewed over time to try and avoid a probable memory leak.
25-Sep-2024 19:43:33.567 INFO [Thread-5] org.apache.coyote.AbstractProtocol.stop Stopping ProtocolHandler ["http-nio-8080"]
25-Sep-2024 19:43:33.583 INFO [Thread-5] org.apache.coyote.AbstractProtocol.destroy Destroying ProtocolHandler ["http-nio-8080"]
25-Sep-2024 19:43:39.576 INFO [main] org.apache.catalina.startup.VersionLoggerListener.log Server version name:   Apache Tomcat/9.0.95
25-Sep-2024 19:43:39.591 INFO [main] org.apache.catalina.startup.VersionLoggerListener.log Server built:          Sep 13 2024 18:07:47 UTC
25-Sep-2024 19:43:39.591 INFO [main] org.apache.catalina.startup.VersionLoggerListener.log Server version number: 9.0.95.0
25-Sep-2024 19:43:39.591 INFO [main] org.apache.catalina.startup.VersionLoggerListener.log OS Name:               Windows 10
25-Sep-2024 19:43:39.591 INFO [main] org.apache.catalina.startup.VersionLoggerListener.log OS Version:            10.0
25-Sep-2024 19:43:39.591 INFO [main] org.apache.catalina.startup.VersionLoggerListener.log Architecture:          amd64
25-Sep-2024 19:43:39.591 INFO [main] org.apache.catalina.startup.VersionLoggerListener.log Java Home:             C:\Program Files\Eclipse Adoptium\jre-11.0.24.8-hotspot
25-Sep-2024 19:43:39.591 INFO [main] org.apache.catalina.startup.VersionLoggerListener.log JVM Version:           11.0.24+8
25-Sep-2024 19:43:39.591 INFO [main] org.apache.catalina.startup.VersionLoggerListener.log JVM Vendor:            Eclipse Adoptium
25-Sep-2024 19:43:39.591 INFO [main] org.apache.catalina.startup.VersionLoggerListener.log CATALINA_BASE:         C:\Program Files\Apache Software Foundation\Tomcat 9.0
25-Sep-2024 19:43:39.591 INFO [main] org.apache.catalina.startup.VersionLoggerListener.log CATALINA_HOME:         C:\Program Files\Apache Software Foundation\Tomcat 9.0
25-Sep-2024 19:43:39.622 INFO [main] org.apache.catalina.startup.VersionLoggerListener.log Command line argument: -Dcatalina.home=C:\Program Files\Apache Software Foundation\Tomcat 9.0
25-Sep-2024 19:43:39.622 INFO [main] org.apache.catalina.startup.VersionLoggerListener.log Command line argument: -Dcatalina.base=C:\Program Files\Apache Software Foundation\Tomcat 9.0
25-Sep-2024 19:43:39.622 INFO [main] org.apache.catalina.startup.VersionLoggerListener.log Command line argument: -Djava.io.tmpdir=C:\Program Files\Apache Software Foundation\Tomcat 9.0\temp
25-Sep-2024 19:43:39.622 INFO [main] org.apache.catalina.startup.VersionLoggerListener.log Command line argument: -Djava.util.logging.manager=org.apache.juli.ClassLoaderLogManager
25-Sep-2024 19:43:39.622 INFO [main] org.apache.catalina.startup.VersionLoggerListener.log Command line argument: -Djava.util.logging.config.file=C:\Program Files\Apache Software Foundation\Tomcat 9.0\conf\logging.properties
25-Sep-2024 19:43:39.622 INFO [main] org.apache.catalina.startup.VersionLoggerListener.log Command line argument: --add-opens=java.base/java.lang=ALL-UNNAMED
25-Sep-2024 19:43:39.622 INFO [main] org.apache.catalina.startup.VersionLoggerListener.log Command line argument: --add-opens=java.base/java.io=ALL-UNNAMED
25-Sep-2024 19:43:39.622 INFO [main] org.apache.catalina.startup.VersionLoggerListener.log Command line argument: --add-opens=java.rmi/sun.rmi.transport=ALL-UNNAMED
25-Sep-2024 19:43:39.622 INFO [main] org.apache.catalina.startup.VersionLoggerListener.log Command line argument: exit
25-Sep-2024 19:43:39.622 INFO [main] org.apache.catalina.startup.VersionLoggerListener.log Command line argument: abort
25-Sep-2024 19:43:39.622 INFO [main] org.apache.catalina.startup.VersionLoggerListener.log Command line argument: -Xms128m
25-Sep-2024 19:43:39.622 INFO [main] org.apache.catalina.startup.VersionLoggerListener.log Command line argument: -Xmx256m
25-Sep-2024 19:43:39.654 INFO [main] org.apache.catalina.core.AprLifecycleListener.lifecycleEvent The Apache Tomcat Native library which allows using OpenSSL was not found on the java.library.path: [C:\Program Files\Apache Software Foundation\Tomcat 9.0\bin;C:\Windows\Sun\Java\bin;C:\Windows\system32;C:\Windows;C:\Program Files\Eclipse Adoptium\jre-11.0.24.8-hotspot\bin;C:\Program Files\Eclipse Adoptium\jre-11.0.24.8-hotspot\bin;C:\Windows\system32;C:\Windows;C:\Windows\System32\Wbem;C:\Windows\System32\WindowsPowerShell\v1.0\;C:\Windows\System32\OpenSSH\;C:\Program Files\dotnet\;C:\Windows\ServiceProfiles\LocalService\AppData\Local\Microsoft\WindowsApps;.]
25-Sep-2024 19:43:40.169 INFO [main] org.apache.coyote.AbstractProtocol.init Initializing ProtocolHandler ["http-nio-8080"]
25-Sep-2024 19:43:40.201 INFO [main] org.apache.catalina.startup.Catalina.load Server initialization in [1229] milliseconds
25-Sep-2024 19:43:40.310 INFO [main] org.apache.catalina.core.StandardService.startInternal Starting service [Catalina]
25-Sep-2024 19:43:40.310 INFO [main] org.apache.catalina.core.StandardEngine.startInternal Starting Servlet engine: [Apache Tomcat/9.0.95]
25-Sep-2024 19:43:40.341 INFO [main] org.apache.catalina.startup.HostConfig.deployWAR Deploying web application archive [C:\Program Files\Apache Software Foundation\Tomcat 9.0\webapps\geoserver.war]
25-Sep-2024 19:43:52.525 INFO [main] org.apache.jasper.servlet.TldScanner.scanJars At least one JAR was scanned for TLDs yet contained no TLDs. Enable debug logging for this logger for a complete list of JARs that were scanned but no TLDs were found in them. Skipping unneeded JARs during scanning can improve startup time and JSP compilation time.
25-Sep-2024 19:44:18.715 WARNING [main] org.apache.catalina.util.SessionIdGeneratorBase.createSecureRandom Creation of SecureRandom instance for session ID generation using [SHA1PRNG] took [169] milliseconds.
25-Sep-2024 19:44:18.939 INFO [main] org.apache.catalina.startup.HostConfig.deployWAR Deployment of web application archive [C:\Program Files\Apache Software Foundation\Tomcat 9.0\webapps\geoserver.war] has finished in [38,598] ms
25-Sep-2024 19:44:18.939 INFO [main] org.apache.catalina.startup.HostConfig.deployDirectory Deploying web application directory [C:\Program Files\Apache Software Foundation\Tomcat 9.0\webapps\docs]
25-Sep-2024 19:44:19.003 INFO [main] org.apache.catalina.startup.HostConfig.deployDirectory Deployment of web application directory [C:\Program Files\Apache Software Foundation\Tomcat 9.0\webapps\docs] has finished in [64] ms
25-Sep-2024 19:44:19.023 INFO [main] org.apache.catalina.startup.HostConfig.deployDirectory Deploying web application directory [C:\Program Files\Apache Software Foundation\Tomcat 9.0\webapps\examples]
25-Sep-2024 19:44:19.624 INFO [main] org.apache.catalina.startup.HostConfig.deployDirectory Deployment of web application directory [C:\Program Files\Apache Software Foundation\Tomcat 9.0\webapps\examples] has finished in [601] ms
25-Sep-2024 19:44:19.625 INFO [main] org.apache.catalina.startup.HostConfig.deployDirectory Deploying web application directory [C:\Program Files\Apache Software Foundation\Tomcat 9.0\webapps\host-manager]
25-Sep-2024 19:44:19.692 INFO [main] org.apache.catalina.startup.HostConfig.deployDirectory Deployment of web application directory [C:\Program Files\Apache Software Foundation\Tomcat 9.0\webapps\host-manager] has finished in [67] ms
25-Sep-2024 19:44:19.692 INFO [main] org.apache.catalina.startup.HostConfig.deployDirectory Deploying web application directory [C:\Program Files\Apache Software Foundation\Tomcat 9.0\webapps\leaflet_app]
25-Sep-2024 19:44:19.717 INFO [main] org.apache.catalina.startup.HostConfig.deployDirectory Deployment of web application directory [C:\Program Files\Apache Software Foundation\Tomcat 9.0\webapps\leaflet_app] has finished in [25] ms
25-Sep-2024 19:44:19.717 INFO [main] org.apache.catalina.startup.HostConfig.deployDirectory Deploying web application directory [C:\Program Files\Apache Software Foundation\Tomcat 9.0\webapps\licenses]
25-Sep-2024 19:44:19.772 INFO [main] org.apache.catalina.startup.HostConfig.deployDirectory Deployment of web application directory [C:\Program Files\Apache Software Foundation\Tomcat 9.0\webapps\licenses] has finished in [55] ms
25-Sep-2024 19:44:19.773 INFO [main] org.apache.catalina.startup.HostConfig.deployDirectory Deploying web application directory [C:\Program Files\Apache Software Foundation\Tomcat 9.0\webapps\manager]
25-Sep-2024 19:44:19.844 INFO [main] org.apache.catalina.startup.HostConfig.deployDirectory Deployment of web application directory [C:\Program Files\Apache Software Foundation\Tomcat 9.0\webapps\manager] has finished in [71] ms
25-Sep-2024 19:44:19.845 INFO [main] org.apache.catalina.startup.HostConfig.deployDirectory Deploying web application directory [C:\Program Files\Apache Software Foundation\Tomcat 9.0\webapps\openlayers_app]
25-Sep-2024 19:44:19.887 INFO [main] org.apache.catalina.startup.HostConfig.deployDirectory Deployment of web application directory [C:\Program Files\Apache Software Foundation\Tomcat 9.0\webapps\openlayers_app] has finished in [40] ms
25-Sep-2024 19:44:19.888 INFO [main] org.apache.catalina.startup.HostConfig.deployDirectory Deploying web application directory [C:\Program Files\Apache Software Foundation\Tomcat 9.0\webapps\ROOT]
25-Sep-2024 19:44:19.918 INFO [main] org.apache.catalina.startup.HostConfig.deployDirectory Deployment of web application directory [C:\Program Files\Apache Software Foundation\Tomcat 9.0\webapps\ROOT] has finished in [30] ms
25-Sep-2024 19:44:19.918 INFO [main] org.apache.coyote.AbstractProtocol.start Starting ProtocolHandler ["http-nio-8080"]
25-Sep-2024 19:44:19.963 INFO [main] org.apache.catalina.startup.Catalina.start Server startup in [39748] milliseconds
