[2024-09-26 18:01:00] [info]  [15748] Apache Commons Daemon procrun (1.4.0.0 64-bit) started.
[2024-09-26 18:01:00] [info]  [15748] Running Service 'Tomcat9'...
[2024-09-26 18:01:00] [info]  [ 4020] Starting service...
[2024-09-26 18:01:03] [info]  [ 4020] Service started in 2633 milliseconds.
[2024-09-26 18:06:45] [info]  [15748] Service SERVICE_CONTROL_STOP signalled.
[2024-09-26 18:06:45] [info]  [16748] Stopping service...
[2024-09-26 18:06:48] [info]  [16748] Service stop thread completed.
[2024-09-26 18:06:48] [info]  [15748] Run service finished.
[2024-09-26 18:06:48] [info]  [15748] Apache Commons Daemon procrun finished.
[2024-09-26 18:06:53] [info]  [ 5616] Apache Commons Daemon procrun (1.4.0.0 64-bit) started.
[2024-09-26 18:06:53] [info]  [ 5616] Running Service 'Tomcat9'...
[2024-09-26 18:06:53] [info]  [17684] Starting service...
[2024-09-26 18:06:54] [info]  [17684] Service started in 1459 milliseconds.
[2024-09-26 18:09:28] [info]  [ 5616] Service SERVICE_CONTROL_STOP signalled.
[2024-09-26 18:09:28] [info]  [16372] Stopping service...
[2024-09-26 18:09:31] [info]  [16372] Service stop thread completed.
[2024-09-26 18:09:31] [info]  [ 5616] Run service finished.
[2024-09-26 18:09:31] [info]  [ 5616] Apache Commons Daemon procrun finished.
[2024-09-26 18:09:36] [info]  [ 5492] Apache Commons Daemon procrun (1.4.0.0 64-bit) started.
[2024-09-26 18:09:36] [info]  [ 5492] Running Service 'Tomcat9'...
[2024-09-26 18:09:36] [info]  [18900] Starting service...
[2024-09-26 18:09:37] [info]  [18900] Service started in 1481 milliseconds.
[2024-09-26 18:30:59] [info]  [ 5492] Service SERVICE_CONTROL_STOP signalled.
[2024-09-26 18:30:59] [info]  [18172] Stopping service...
[2024-09-26 18:31:03] [info]  [18172] Service stop thread completed.
[2024-09-26 18:31:03] [info]  [ 5492] Run service finished.
[2024-09-26 18:31:03] [info]  [ 5492] Apache Commons Daemon procrun finished.
[2024-09-26 18:31:26] [info]  [14820] Apache Commons Daemon procrun (1.4.0.0 64-bit) started.
[2024-09-26 18:31:27] [info]  [14820] Running Service 'Tomcat9'...
[2024-09-26 18:31:27] [info]  [19604] Starting service...
[2024-09-26 18:31:28] [info]  [19604] Service started in 1589 milliseconds.
[2024-09-26 18:46:45] [info]  [14820] Service SERVICE_CONTROL_STOP signalled.
[2024-09-26 18:46:45] [info]  [20864] Stopping service...
[2024-09-26 18:46:47] [info]  [20864] Service stop thread completed.
[2024-09-26 18:46:47] [info]  [14820] Run service finished.
[2024-09-26 18:46:47] [info]  [14820] Apache Commons Daemon procrun finished.
[2024-09-26 18:46:53] [info]  [12776] Apache Commons Daemon procrun (1.4.0.0 64-bit) started.
[2024-09-26 18:46:53] [info]  [12776] Running Service 'Tomcat9'...
[2024-09-26 18:46:53] [info]  [ 2896] Starting service...
[2024-09-26 18:46:55] [info]  [ 2896] Service started in 1269 milliseconds.
[2024-09-26 19:26:19] [info]  [12776] Service SERVICE_CONTROL_STOP signalled.
[2024-09-26 19:26:19] [info]  [19720] Stopping service...
[2024-09-26 19:26:28] [info]  [19720] Service stop thread completed.
[2024-09-26 19:26:28] [info]  [12776] Run service finished.
[2024-09-26 19:26:28] [info]  [12776] Apache Commons Daemon procrun finished.
[2024-09-26 19:26:32] [info]  [17984] Apache Commons Daemon procrun (1.4.0.0 64-bit) started.
[2024-09-26 19:26:33] [info]  [17984] Running Service 'Tomcat9'...
[2024-09-26 19:26:33] [info]  [19684] Starting service...
[2024-09-26 19:26:34] [info]  [19684] Service started in 1636 milliseconds.
[2024-09-26 19:28:05] [info]  [17984] Service SERVICE_CONTROL_STOP signalled.
[2024-09-26 19:28:05] [info]  [   60] Stopping service...
[2024-09-26 19:28:07] [info]  [   60] Service stop thread completed.
[2024-09-26 19:28:07] [info]  [17984] Run service finished.
[2024-09-26 19:28:07] [info]  [17984] Apache Commons Daemon procrun finished.
[2024-09-26 19:28:11] [info]  [12340] Apache Commons Daemon procrun (1.4.0.0 64-bit) started.
[2024-09-26 19:28:11] [info]  [12340] Running Service 'Tomcat9'...
[2024-09-26 19:28:11] [info]  [18460] Starting service...
[2024-09-26 19:28:12] [info]  [18460] Service started in 1468 milliseconds.
[2024-09-26 19:58:37] [info]  [12340] Service SERVICE_CONTROL_STOP signalled.
[2024-09-26 19:58:37] [info]  [ 3512] Stopping service...
[2024-09-26 19:58:40] [info]  [ 3512] Service stop thread completed.
[2024-09-26 19:58:40] [info]  [12340] Run service finished.
[2024-09-26 19:58:40] [info]  [12340] Apache Commons Daemon procrun finished.
[2024-09-26 19:59:10] [info]  [ 6164] Apache Commons Daemon procrun (1.4.0.0 64-bit) started.
[2024-09-26 19:59:10] [info]  [ 6164] Running Service 'Tomcat9'...
[2024-09-26 19:59:10] [info]  [ 2280] Starting service...
[2024-09-26 19:59:11] [info]  [ 2280] Service started in 1317 milliseconds.
[2024-09-26 20:23:47] [info]  [ 6164] Service SERVICE_CONTROL_STOP signalled.
[2024-09-26 20:23:47] [info]  [21044] Stopping service...
[2024-09-26 20:23:49] [info]  [21044] Service stop thread completed.
[2024-09-26 20:23:49] [info]  [ 6164] Run service finished.
[2024-09-26 20:23:49] [info]  [ 6164] Apache Commons Daemon procrun finished.
[2024-09-26 20:23:54] [info]  [19868] Apache Commons Daemon procrun (1.4.0.0 64-bit) started.
[2024-09-26 20:23:54] [info]  [19868] Running Service 'Tomcat9'...
[2024-09-26 20:23:54] [info]  [17896] Starting service...
[2024-09-26 20:23:55] [info]  [17896] Service started in 1385 milliseconds.
[2024-09-26 20:35:06] [info]  [19868] Service SERVICE_CONTROL_STOP signalled.
[2024-09-26 20:35:06] [info]  [17776] Stopping service...
[2024-09-26 20:35:08] [info]  [17776] Service stop thread completed.
[2024-09-26 20:35:08] [info]  [19868] Run service finished.
[2024-09-26 20:35:08] [info]  [19868] Apache Commons Daemon procrun finished.
[2024-09-26 20:35:12] [info]  [11952] Apache Commons Daemon procrun (1.4.0.0 64-bit) started.
[2024-09-26 20:35:12] [info]  [11952] Running Service 'Tomcat9'...
[2024-09-26 20:35:12] [info]  [15864] Starting service...
[2024-09-26 20:35:14] [info]  [15864] Service started in 1339 milliseconds.
[2024-09-26 20:42:01] [info]  [11952] Service SERVICE_CONTROL_STOP signalled.
[2024-09-26 20:42:01] [info]  [ 8208] Stopping service...
[2024-09-26 20:42:03] [info]  [ 8208] Service stop thread completed.
[2024-09-26 20:42:03] [info]  [11952] Run service finished.
[2024-09-26 20:42:03] [info]  [11952] Apache Commons Daemon procrun finished.
[2024-09-26 20:42:09] [info]  [ 4324] Apache Commons Daemon procrun (1.4.0.0 64-bit) started.
[2024-09-26 20:42:09] [info]  [ 4324] Running Service 'Tomcat9'...
[2024-09-26 20:42:09] [info]  [14520] Starting service...
[2024-09-26 20:42:10] [info]  [14520] Service started in 1324 milliseconds.
[2024-09-26 20:43:12] [info]  [ 4324] Service SERVICE_CONTROL_STOP signalled.
[2024-09-26 20:43:12] [info]  [19812] Stopping service...
[2024-09-26 20:43:14] [info]  [19812] Service stop thread completed.
[2024-09-26 20:43:14] [info]  [ 4324] Run service finished.
[2024-09-26 20:43:14] [info]  [ 4324] Apache Commons Daemon procrun finished.
[2024-09-26 20:43:18] [info]  [ 6980] Apache Commons Daemon procrun (1.4.0.0 64-bit) started.
[2024-09-26 20:43:18] [info]  [ 6980] Running Service 'Tomcat9'...
[2024-09-26 20:43:18] [info]  [18392] Starting service...
[2024-09-26 20:43:20] [info]  [18392] Service started in 1386 milliseconds.
[2024-09-26 20:44:20] [info]  [ 6980] Service SERVICE_CONTROL_STOP signalled.
[2024-09-26 20:44:20] [info]  [20640] Stopping service...
[2024-09-26 20:44:22] [info]  [20640] Service stop thread completed.
[2024-09-26 20:44:22] [info]  [ 6980] Run service finished.
[2024-09-26 20:44:22] [info]  [ 6980] Apache Commons Daemon procrun finished.
[2024-09-26 20:44:27] [info]  [17680] Apache Commons Daemon procrun (1.4.0.0 64-bit) started.
[2024-09-26 20:44:27] [info]  [17680] Running Service 'Tomcat9'...
[2024-09-26 20:44:27] [info]  [20016] Starting service...
[2024-09-26 20:44:28] [info]  [20016] Service started in 1443 milliseconds.
[2024-09-26 20:53:40] [info]  [17680] Service SERVICE_CONTROL_STOP signalled.
[2024-09-26 20:53:40] [info]  [ 2004] Stopping service...
[2024-09-26 20:53:42] [info]  [ 2004] Service stop thread completed.
[2024-09-26 20:53:42] [info]  [17680] Run service finished.
[2024-09-26 20:53:42] [info]  [17680] Apache Commons Daemon procrun finished.
[2024-09-26 20:53:47] [info]  [18380] Apache Commons Daemon procrun (1.4.0.0 64-bit) started.
[2024-09-26 20:53:47] [info]  [18380] Running Service 'Tomcat9'...
[2024-09-26 20:53:47] [info]  [18908] Starting service...
[2024-09-26 20:53:48] [info]  [18908] Service started in 1281 milliseconds.
[2024-09-26 21:10:52] [info]  [18380] Service SERVICE_CONTROL_STOP signalled.
[2024-09-26 21:10:52] [info]  [ 2196] Stopping service...
[2024-09-26 21:10:54] [info]  [ 2196] Service stop thread completed.
[2024-09-26 21:10:54] [info]  [18380] Run service finished.
[2024-09-26 21:10:54] [info]  [18380] Apache Commons Daemon procrun finished.
[2024-09-26 21:10:58] [info]  [ 6600] Apache Commons Daemon procrun (1.4.0.0 64-bit) started.
[2024-09-26 21:10:58] [info]  [ 6600] Running Service 'Tomcat9'...
[2024-09-26 21:10:58] [info]  [17608] Starting service...
[2024-09-26 21:10:59] [info]  [17608] Service started in 1304 milliseconds.
[2024-09-26 21:15:29] [info]  [ 6600] Service SERVICE_CONTROL_STOP signalled.
[2024-09-26 21:15:29] [info]  [19752] Stopping service...
[2024-09-26 21:15:32] [info]  [19752] Service stop thread completed.
[2024-09-26 21:15:32] [info]  [ 6600] Run service finished.
[2024-09-26 21:15:32] [info]  [ 6600] Apache Commons Daemon procrun finished.
[2024-09-26 21:15:36] [info]  [12200] Apache Commons Daemon procrun (1.4.0.0 64-bit) started.
[2024-09-26 21:15:36] [info]  [12200] Running Service 'Tomcat9'...
[2024-09-26 21:15:36] [info]  [17128] Starting service...
[2024-09-26 21:15:37] [info]  [17128] Service started in 1281 milliseconds.
[2024-09-26 21:19:26] [info]  [12200] Service SERVICE_CONTROL_STOP signalled.
[2024-09-26 21:19:26] [info]  [ 9052] Stopping service...
[2024-09-26 21:19:28] [info]  [ 9052] Service stop thread completed.
[2024-09-26 21:19:28] [info]  [12200] Run service finished.
[2024-09-26 21:19:28] [info]  [12200] Apache Commons Daemon procrun finished.
[2024-09-26 21:19:32] [info]  [20876] Apache Commons Daemon procrun (1.4.0.0 64-bit) started.
[2024-09-26 21:19:32] [info]  [20876] Running Service 'Tomcat9'...
[2024-09-26 21:19:32] [info]  [18464] Starting service...
[2024-09-26 21:19:33] [info]  [18464] Service started in 1250 milliseconds.
[2024-09-26 21:21:23] [info]  [20876] Service SERVICE_CONTROL_STOP signalled.
[2024-09-26 21:21:23] [info]  [14492] Stopping service...
[2024-09-26 21:21:25] [info]  [14492] Service stop thread completed.
[2024-09-26 21:21:25] [info]  [20876] Run service finished.
[2024-09-26 21:21:25] [info]  [20876] Apache Commons Daemon procrun finished.
[2024-09-26 21:21:30] [info]  [  708] Apache Commons Daemon procrun (1.4.0.0 64-bit) started.
[2024-09-26 21:21:30] [info]  [  708] Running Service 'Tomcat9'...
[2024-09-26 21:21:30] [info]  [16148] Starting service...
[2024-09-26 21:21:31] [info]  [16148] Service started in 1468 milliseconds.
[2024-09-26 21:24:15] [info]  [  708] Service SERVICE_CONTROL_STOP signalled.
[2024-09-26 21:24:15] [info]  [17008] Stopping service...
[2024-09-26 21:24:17] [info]  [17008] Service stop thread completed.
[2024-09-26 21:24:17] [info]  [  708] Run service finished.
[2024-09-26 21:24:17] [info]  [  708] Apache Commons Daemon procrun finished.
[2024-09-26 21:24:27] [info]  [10348] Apache Commons Daemon procrun (1.4.0.0 64-bit) started.
[2024-09-26 21:24:27] [info]  [10348] Running Service 'Tomcat9'...
[2024-09-26 21:24:27] [info]  [16868] Starting service...
[2024-09-26 21:24:28] [info]  [16868] Service started in 1265 milliseconds.
[2024-09-26 21:28:28] [info]  [10348] Service SERVICE_CONTROL_STOP signalled.
[2024-09-26 21:28:28] [info]  [16400] Stopping service...
[2024-09-26 21:28:30] [info]  [16400] Service stop thread completed.
[2024-09-26 21:28:30] [info]  [10348] Run service finished.
[2024-09-26 21:28:30] [info]  [10348] Apache Commons Daemon procrun finished.
[2024-09-26 21:28:40] [info]  [16924] Apache Commons Daemon procrun (1.4.0.0 64-bit) started.
[2024-09-26 21:28:40] [info]  [16924] Running Service 'Tomcat9'...
[2024-09-26 21:28:40] [info]  [19580] Starting service...
[2024-09-26 21:28:41] [info]  [19580] Service started in 1297 milliseconds.
[2024-09-26 21:31:20] [info]  [16924] Service SERVICE_CONTROL_STOP signalled.
[2024-09-26 21:31:20] [info]  [12556] Stopping service...
[2024-09-26 21:31:22] [info]  [12556] Service stop thread completed.
[2024-09-26 21:31:23] [info]  [16924] Run service finished.
[2024-09-26 21:31:23] [info]  [16924] Apache Commons Daemon procrun finished.
[2024-09-26 21:31:26] [info]  [16348] Apache Commons Daemon procrun (1.4.0.0 64-bit) started.
[2024-09-26 21:31:26] [info]  [16348] Running Service 'Tomcat9'...
[2024-09-26 21:31:26] [info]  [ 4192] Starting service...
[2024-09-26 21:31:27] [info]  [ 4192] Service started in 1276 milliseconds.
[2024-09-26 21:33:14] [info]  [16348] Service SERVICE_CONTROL_STOP signalled.
[2024-09-26 21:33:14] [info]  [10348] Stopping service...
[2024-09-26 21:33:16] [info]  [10348] Service stop thread completed.
[2024-09-26 21:33:16] [info]  [16348] Run service finished.
[2024-09-26 21:33:16] [info]  [16348] Apache Commons Daemon procrun finished.
[2024-09-26 21:33:20] [info]  [16912] Apache Commons Daemon procrun (1.4.0.0 64-bit) started.
[2024-09-26 21:33:20] [info]  [16912] Running Service 'Tomcat9'...
[2024-09-26 21:33:20] [info]  [15928] Starting service...
[2024-09-26 21:33:21] [info]  [15928] Service started in 1385 milliseconds.
[2024-09-26 21:35:15] [info]  [16912] Service SERVICE_CONTROL_STOP signalled.
[2024-09-26 21:35:15] [info]  [ 3384] Stopping service...
[2024-09-26 21:35:17] [info]  [ 3384] Service stop thread completed.
[2024-09-26 21:35:17] [info]  [16912] Run service finished.
[2024-09-26 21:35:17] [info]  [16912] Apache Commons Daemon procrun finished.
[2024-09-26 21:35:20] [info]  [17580] Apache Commons Daemon procrun (1.4.0.0 64-bit) started.
[2024-09-26 21:35:20] [info]  [17580] Running Service 'Tomcat9'...
[2024-09-26 21:35:20] [info]  [17688] Starting service...
[2024-09-26 21:35:22] [info]  [17688] Service started in 1312 milliseconds.
[2024-09-26 21:43:51] [info]  [17580] Service SERVICE_CONTROL_STOP signalled.
[2024-09-26 21:43:51] [info]  [ 2876] Stopping service...
[2024-09-26 21:43:53] [info]  [ 2876] Service stop thread completed.
[2024-09-26 21:43:53] [info]  [17580] Run service finished.
[2024-09-26 21:43:53] [info]  [17580] Apache Commons Daemon procrun finished.
[2024-09-26 21:43:58] [info]  [  680] Apache Commons Daemon procrun (1.4.0.0 64-bit) started.
[2024-09-26 21:43:58] [info]  [  680] Running Service 'Tomcat9'...
[2024-09-26 21:43:58] [info]  [ 9672] Starting service...
[2024-09-26 21:43:59] [info]  [ 9672] Service started in 1310 milliseconds.
[2024-09-26 21:50:19] [info]  [  680] Service SERVICE_CONTROL_STOP signalled.
[2024-09-26 21:50:19] [info]  [21420] Stopping service...
[2024-09-26 21:50:21] [info]  [21420] Service stop thread completed.
[2024-09-26 21:50:21] [info]  [  680] Run service finished.
[2024-09-26 21:50:21] [info]  [  680] Apache Commons Daemon procrun finished.
[2024-09-26 21:50:25] [info]  [19072] Apache Commons Daemon procrun (1.4.0.0 64-bit) started.
[2024-09-26 21:50:25] [info]  [19072] Running Service 'Tomcat9'...
[2024-09-26 21:50:25] [info]  [11348] Starting service...
[2024-09-26 21:50:26] [info]  [11348] Service started in 1298 milliseconds.
[2024-09-26 22:46:32] [info]  [19072] Service SERVICE_CONTROL_STOP signalled.
[2024-09-26 22:46:32] [info]  [16924] Stopping service...
[2024-09-26 22:46:36] [info]  [16924] Service stop thread completed.
[2024-09-26 22:46:36] [info]  [19072] Run service finished.
[2024-09-26 22:46:36] [info]  [19072] Apache Commons Daemon procrun finished.
[2024-09-26 22:46:40] [info]  [16484] Apache Commons Daemon procrun (1.4.0.0 64-bit) started.
[2024-09-26 22:46:40] [info]  [16484] Running Service 'Tomcat9'...
[2024-09-26 22:46:40] [info]  [ 1404] Starting service...
[2024-09-26 22:46:42] [info]  [ 1404] Service started in 1711 milliseconds.
[2024-09-26 22:49:24] [info]  [16484] Service SERVICE_CONTROL_STOP signalled.
[2024-09-26 22:49:24] [info]  [17796] Stopping service...
[2024-09-26 22:49:27] [info]  [17796] Service stop thread completed.
[2024-09-26 22:49:27] [info]  [16484] Run service finished.
[2024-09-26 22:49:27] [info]  [16484] Apache Commons Daemon procrun finished.
[2024-09-26 22:49:31] [info]  [ 3704] Apache Commons Daemon procrun (1.4.0.0 64-bit) started.
[2024-09-26 22:49:31] [info]  [ 3704] Running Service 'Tomcat9'...
[2024-09-26 22:49:31] [info]  [20368] Starting service...
[2024-09-26 22:49:33] [info]  [20368] Service started in 1449 milliseconds.
[2024-09-26 22:51:51] [info]  [ 3704] Service SERVICE_CONTROL_STOP signalled.
[2024-09-26 22:51:51] [info]  [19424] Stopping service...
[2024-09-26 22:51:54] [info]  [19424] Service stop thread completed.
[2024-09-26 22:51:54] [info]  [ 3704] Run service finished.
[2024-09-26 22:51:54] [info]  [ 3704] Apache Commons Daemon procrun finished.
[2024-09-26 22:51:58] [info]  [20640] Apache Commons Daemon procrun (1.4.0.0 64-bit) started.
[2024-09-26 22:51:58] [info]  [20640] Running Service 'Tomcat9'...
[2024-09-26 22:51:58] [info]  [17536] Starting service...
[2024-09-26 22:52:00] [info]  [17536] Service started in 1441 milliseconds.
[2024-09-26 23:24:34] [info]  [20640] Service SERVICE_CONTROL_STOP signalled.
[2024-09-26 23:24:34] [info]  [20808] Stopping service...
[2024-09-26 23:24:38] [info]  [20808] Service stop thread completed.
[2024-09-26 23:24:38] [info]  [20640] Run service finished.
[2024-09-26 23:24:38] [info]  [20640] Apache Commons Daemon procrun finished.
[2024-09-26 23:24:42] [info]  [18112] Apache Commons Daemon procrun (1.4.0.0 64-bit) started.
[2024-09-26 23:24:42] [info]  [18112] Running Service 'Tomcat9'...
[2024-09-26 23:24:42] [info]  [15796] Starting service...
[2024-09-26 23:24:43] [info]  [15796] Service started in 1660 milliseconds.
