26-Sep-2024 18:00:53.527 INFO [Thread-158] org.apache.catalina.core.ApplicationContext.log Destroying Spring FrameworkServlet 'dispatcher'
26-Sep-2024 18:00:54.548 INFO [Thread-158] org.apache.catalina.core.ApplicationContext.log Closing Spring root WebApplicationContext
26-Sep-2024 18:00:56.230 INFO [Thread-158] org.apache.catalina.core.ApplicationContext.log SessionListener: contextDestroyed()
26-Sep-2024 18:00:56.230 INFO [Thread-158] org.apache.catalina.core.ApplicationContext.log ContextListener: contextDestroyed()
26-Sep-2024 18:01:37.930 INFO [main] org.apache.catalina.core.ApplicationContext.log No Spring WebApplicationInitializer types detected on classpath
26-Sep-2024 18:01:48.014 INFO [main] org.apache.catalina.core.ApplicationContext.log Initializing Spring root WebApplicationContext
26-Sep-2024 18:02:42.121 INFO [main] org.apache.catalina.core.ApplicationContext.log ContextListener: contextInitialized()
26-Sep-2024 18:02:42.122 INFO [main] org.apache.catalina.core.ApplicationContext.log SessionListener: contextInitialized()
26-Sep-2024 18:02:42.127 INFO [main] org.apache.catalina.core.ApplicationContext.log ContextListener: attributeAdded('StockTicker', 'async.Stockticker@2cfbf122')
26-Sep-2024 18:02:44.778 INFO [http-nio-8080-exec-4] org.apache.catalina.core.ApplicationContext.log Initializing Spring DispatcherServlet 'dispatcher'
26-Sep-2024 18:06:45.880 INFO [Thread-5] org.apache.catalina.core.ApplicationContext.log Destroying Spring FrameworkServlet 'dispatcher'
26-Sep-2024 18:06:46.077 INFO [Thread-5] org.apache.catalina.core.ApplicationContext.log Closing Spring root WebApplicationContext
26-Sep-2024 18:06:48.201 INFO [Thread-5] org.apache.catalina.core.ApplicationContext.log SessionListener: contextDestroyed()
26-Sep-2024 18:06:48.201 INFO [Thread-5] org.apache.catalina.core.ApplicationContext.log ContextListener: contextDestroyed()
26-Sep-2024 18:07:23.402 INFO [main] org.apache.catalina.core.ApplicationContext.log No Spring WebApplicationInitializer types detected on classpath
26-Sep-2024 18:07:34.132 INFO [main] org.apache.catalina.core.ApplicationContext.log Initializing Spring root WebApplicationContext
26-Sep-2024 18:08:40.747 INFO [main] org.apache.catalina.core.ApplicationContext.log ContextListener: contextInitialized()
26-Sep-2024 18:08:40.747 INFO [main] org.apache.catalina.core.ApplicationContext.log SessionListener: contextInitialized()
26-Sep-2024 18:08:40.750 INFO [main] org.apache.catalina.core.ApplicationContext.log ContextListener: attributeAdded('StockTicker', 'async.Stockticker@1496aeab')
26-Sep-2024 18:08:43.199 INFO [http-nio-8080-exec-3] org.apache.catalina.core.ApplicationContext.log Initializing Spring DispatcherServlet 'dispatcher'
26-Sep-2024 18:09:29.424 INFO [Thread-5] org.apache.catalina.core.ApplicationContext.log Destroying Spring FrameworkServlet 'dispatcher'
26-Sep-2024 18:09:29.630 INFO [Thread-5] org.apache.catalina.core.ApplicationContext.log Closing Spring root WebApplicationContext
26-Sep-2024 18:09:31.714 INFO [Thread-5] org.apache.catalina.core.ApplicationContext.log SessionListener: contextDestroyed()
26-Sep-2024 18:09:31.714 INFO [Thread-5] org.apache.catalina.core.ApplicationContext.log ContextListener: contextDestroyed()
26-Sep-2024 18:10:05.257 INFO [main] org.apache.catalina.core.ApplicationContext.log No Spring WebApplicationInitializer types detected on classpath
26-Sep-2024 18:10:13.519 INFO [main] org.apache.catalina.core.ApplicationContext.log Initializing Spring root WebApplicationContext
26-Sep-2024 18:11:04.522 INFO [main] org.apache.catalina.core.ApplicationContext.log ContextListener: contextInitialized()
26-Sep-2024 18:11:04.523 INFO [main] org.apache.catalina.core.ApplicationContext.log SessionListener: contextInitialized()
26-Sep-2024 18:11:04.527 INFO [main] org.apache.catalina.core.ApplicationContext.log ContextListener: attributeAdded('StockTicker', 'async.Stockticker@2ea8f761')
26-Sep-2024 18:11:06.434 INFO [http-nio-8080-exec-4] org.apache.catalina.core.ApplicationContext.log Initializing Spring DispatcherServlet 'dispatcher'
26-Sep-2024 18:31:00.570 INFO [Thread-5] org.apache.catalina.core.ApplicationContext.log Destroying Spring FrameworkServlet 'dispatcher'
26-Sep-2024 18:31:01.333 INFO [Thread-5] org.apache.catalina.core.ApplicationContext.log Closing Spring root WebApplicationContext
26-Sep-2024 18:31:02.954 INFO [Thread-5] org.apache.catalina.core.ApplicationContext.log SessionListener: contextDestroyed()
26-Sep-2024 18:31:02.955 INFO [Thread-5] org.apache.catalina.core.ApplicationContext.log ContextListener: contextDestroyed()
26-Sep-2024 18:31:44.019 INFO [main] org.apache.catalina.core.ApplicationContext.log No Spring WebApplicationInitializer types detected on classpath
26-Sep-2024 18:31:48.369 INFO [main] org.apache.catalina.core.ApplicationContext.log Initializing Spring root WebApplicationContext
26-Sep-2024 18:32:14.361 INFO [main] org.apache.catalina.core.ApplicationContext.log ContextListener: contextInitialized()
26-Sep-2024 18:32:14.361 INFO [main] org.apache.catalina.core.ApplicationContext.log SessionListener: contextInitialized()
26-Sep-2024 18:32:14.363 INFO [main] org.apache.catalina.core.ApplicationContext.log ContextListener: attributeAdded('StockTicker', 'async.Stockticker@36c61359')
26-Sep-2024 18:32:15.437 INFO [http-nio-8080-exec-3] org.apache.catalina.core.ApplicationContext.log Initializing Spring DispatcherServlet 'dispatcher'
26-Sep-2024 18:46:46.247 INFO [Thread-5] org.apache.catalina.core.ApplicationContext.log Destroying Spring FrameworkServlet 'dispatcher'
26-Sep-2024 18:46:46.418 INFO [Thread-5] org.apache.catalina.core.ApplicationContext.log Closing Spring root WebApplicationContext
26-Sep-2024 18:46:47.727 INFO [Thread-5] org.apache.catalina.core.ApplicationContext.log SessionListener: contextDestroyed()
26-Sep-2024 18:46:47.727 INFO [Thread-5] org.apache.catalina.core.ApplicationContext.log ContextListener: contextDestroyed()
26-Sep-2024 18:47:08.494 INFO [main] org.apache.catalina.core.ApplicationContext.log No Spring WebApplicationInitializer types detected on classpath
26-Sep-2024 18:47:12.252 INFO [main] org.apache.catalina.core.ApplicationContext.log Initializing Spring root WebApplicationContext
26-Sep-2024 18:47:37.312 INFO [main] org.apache.catalina.core.ApplicationContext.log ContextListener: contextInitialized()
26-Sep-2024 18:47:37.312 INFO [main] org.apache.catalina.core.ApplicationContext.log SessionListener: contextInitialized()
26-Sep-2024 18:47:37.317 INFO [main] org.apache.catalina.core.ApplicationContext.log ContextListener: attributeAdded('StockTicker', 'async.Stockticker@26112c45')
26-Sep-2024 18:47:38.876 INFO [http-nio-8080-exec-4] org.apache.catalina.core.ApplicationContext.log Initializing Spring DispatcherServlet 'dispatcher'
26-Sep-2024 19:26:21.763 INFO [Thread-5] org.apache.catalina.core.ApplicationContext.log Destroying Spring FrameworkServlet 'dispatcher'
26-Sep-2024 19:26:25.762 INFO [Thread-5] org.apache.catalina.core.ApplicationContext.log Closing Spring root WebApplicationContext
26-Sep-2024 19:26:28.481 INFO [Thread-5] org.apache.catalina.core.ApplicationContext.log SessionListener: contextDestroyed()
26-Sep-2024 19:26:28.481 INFO [Thread-5] org.apache.catalina.core.ApplicationContext.log ContextListener: contextDestroyed()
26-Sep-2024 19:27:00.228 INFO [main] org.apache.catalina.core.ApplicationContext.log No Spring WebApplicationInitializer types detected on classpath
26-Sep-2024 19:27:06.606 INFO [main] org.apache.catalina.core.ApplicationContext.log Initializing Spring root WebApplicationContext
26-Sep-2024 19:27:35.146 INFO [main] org.apache.catalina.core.ApplicationContext.log ContextListener: contextInitialized()
26-Sep-2024 19:27:35.147 INFO [main] org.apache.catalina.core.ApplicationContext.log SessionListener: contextInitialized()
26-Sep-2024 19:27:35.150 INFO [main] org.apache.catalina.core.ApplicationContext.log ContextListener: attributeAdded('StockTicker', 'async.Stockticker@21e2a1e9')
26-Sep-2024 19:27:36.399 INFO [http-nio-8080-exec-2] org.apache.catalina.core.ApplicationContext.log Initializing Spring DispatcherServlet 'dispatcher'
26-Sep-2024 19:28:05.518 INFO [Thread-5] org.apache.catalina.core.ApplicationContext.log Destroying Spring FrameworkServlet 'dispatcher'
26-Sep-2024 19:28:05.816 INFO [Thread-5] org.apache.catalina.core.ApplicationContext.log Closing Spring root WebApplicationContext
26-Sep-2024 19:28:07.049 INFO [Thread-5] org.apache.catalina.core.ApplicationContext.log SessionListener: contextDestroyed()
26-Sep-2024 19:28:07.050 INFO [Thread-5] org.apache.catalina.core.ApplicationContext.log ContextListener: contextDestroyed()
26-Sep-2024 19:28:25.969 INFO [main] org.apache.catalina.core.ApplicationContext.log No Spring WebApplicationInitializer types detected on classpath
26-Sep-2024 19:28:29.600 INFO [main] org.apache.catalina.core.ApplicationContext.log Initializing Spring root WebApplicationContext
26-Sep-2024 19:28:54.580 INFO [main] org.apache.catalina.core.ApplicationContext.log ContextListener: contextInitialized()
26-Sep-2024 19:28:54.580 INFO [main] org.apache.catalina.core.ApplicationContext.log SessionListener: contextInitialized()
26-Sep-2024 19:28:54.582 INFO [main] org.apache.catalina.core.ApplicationContext.log ContextListener: attributeAdded('StockTicker', 'async.Stockticker@3415e52')
26-Sep-2024 19:28:55.710 INFO [http-nio-8080-exec-3] org.apache.catalina.core.ApplicationContext.log Initializing Spring DispatcherServlet 'dispatcher'
26-Sep-2024 19:58:38.356 INFO [Thread-5] org.apache.catalina.core.ApplicationContext.log Destroying Spring FrameworkServlet 'dispatcher'
26-Sep-2024 19:58:38.578 INFO [Thread-5] org.apache.catalina.core.ApplicationContext.log Closing Spring root WebApplicationContext
26-Sep-2024 19:58:40.569 INFO [Thread-5] org.apache.catalina.core.ApplicationContext.log SessionListener: contextDestroyed()
26-Sep-2024 19:58:40.569 INFO [Thread-5] org.apache.catalina.core.ApplicationContext.log ContextListener: contextDestroyed()
26-Sep-2024 19:59:25.277 INFO [main] org.apache.catalina.core.ApplicationContext.log No Spring WebApplicationInitializer types detected on classpath
26-Sep-2024 19:59:29.168 INFO [main] org.apache.catalina.core.ApplicationContext.log Initializing Spring root WebApplicationContext
26-Sep-2024 19:59:58.934 INFO [main] org.apache.catalina.core.ApplicationContext.log ContextListener: contextInitialized()
26-Sep-2024 19:59:58.934 INFO [main] org.apache.catalina.core.ApplicationContext.log SessionListener: contextInitialized()
26-Sep-2024 19:59:58.937 INFO [main] org.apache.catalina.core.ApplicationContext.log ContextListener: attributeAdded('StockTicker', 'async.Stockticker@19a6f2d3')
26-Sep-2024 20:08:08.581 INFO [http-nio-8080-exec-3] org.apache.catalina.core.ApplicationContext.log Initializing Spring DispatcherServlet 'dispatcher'
26-Sep-2024 20:23:48.107 INFO [Thread-5] org.apache.catalina.core.ApplicationContext.log Destroying Spring FrameworkServlet 'dispatcher'
26-Sep-2024 20:23:48.262 INFO [Thread-5] org.apache.catalina.core.ApplicationContext.log Closing Spring root WebApplicationContext
26-Sep-2024 20:23:49.386 INFO [Thread-5] org.apache.catalina.core.ApplicationContext.log SessionListener: contextDestroyed()
26-Sep-2024 20:23:49.386 INFO [Thread-5] org.apache.catalina.core.ApplicationContext.log ContextListener: contextDestroyed()
26-Sep-2024 20:24:09.546 INFO [main] org.apache.catalina.core.ApplicationContext.log No Spring WebApplicationInitializer types detected on classpath
26-Sep-2024 20:24:13.450 INFO [main] org.apache.catalina.core.ApplicationContext.log Initializing Spring root WebApplicationContext
26-Sep-2024 20:24:40.917 INFO [main] org.apache.catalina.core.ApplicationContext.log ContextListener: contextInitialized()
26-Sep-2024 20:24:40.917 INFO [main] org.apache.catalina.core.ApplicationContext.log SessionListener: contextInitialized()
26-Sep-2024 20:24:40.919 INFO [main] org.apache.catalina.core.ApplicationContext.log ContextListener: attributeAdded('StockTicker', 'async.Stockticker@14db137b')
26-Sep-2024 20:24:42.139 INFO [http-nio-8080-exec-3] org.apache.catalina.core.ApplicationContext.log Initializing Spring DispatcherServlet 'dispatcher'
26-Sep-2024 20:35:07.464 INFO [Thread-5] org.apache.catalina.core.ApplicationContext.log Destroying Spring FrameworkServlet 'dispatcher'
26-Sep-2024 20:35:07.555 INFO [Thread-5] org.apache.catalina.core.ApplicationContext.log Closing Spring root WebApplicationContext
26-Sep-2024 20:35:08.773 INFO [Thread-5] org.apache.catalina.core.ApplicationContext.log SessionListener: contextDestroyed()
26-Sep-2024 20:35:08.774 INFO [Thread-5] org.apache.catalina.core.ApplicationContext.log ContextListener: contextDestroyed()
26-Sep-2024 20:35:27.940 INFO [main] org.apache.catalina.core.ApplicationContext.log No Spring WebApplicationInitializer types detected on classpath
26-Sep-2024 20:35:32.068 INFO [main] org.apache.catalina.core.ApplicationContext.log Initializing Spring root WebApplicationContext
26-Sep-2024 20:35:57.575 INFO [main] org.apache.catalina.core.ApplicationContext.log ContextListener: contextInitialized()
26-Sep-2024 20:35:57.576 INFO [main] org.apache.catalina.core.ApplicationContext.log SessionListener: contextInitialized()
26-Sep-2024 20:35:57.578 INFO [main] org.apache.catalina.core.ApplicationContext.log ContextListener: attributeAdded('StockTicker', 'async.Stockticker@55340104')
26-Sep-2024 20:35:58.836 INFO [http-nio-8080-exec-4] org.apache.catalina.core.ApplicationContext.log Initializing Spring DispatcherServlet 'dispatcher'
26-Sep-2024 20:42:01.655 INFO [Thread-5] org.apache.catalina.core.ApplicationContext.log Destroying Spring FrameworkServlet 'dispatcher'
26-Sep-2024 20:42:01.802 INFO [Thread-5] org.apache.catalina.core.ApplicationContext.log Closing Spring root WebApplicationContext
26-Sep-2024 20:42:02.976 INFO [Thread-5] org.apache.catalina.core.ApplicationContext.log SessionListener: contextDestroyed()
26-Sep-2024 20:42:02.976 INFO [Thread-5] org.apache.catalina.core.ApplicationContext.log ContextListener: contextDestroyed()
26-Sep-2024 20:42:25.913 INFO [main] org.apache.catalina.core.ApplicationContext.log No Spring WebApplicationInitializer types detected on classpath
26-Sep-2024 20:42:30.319 INFO [main] org.apache.catalina.core.ApplicationContext.log Initializing Spring root WebApplicationContext
26-Sep-2024 20:42:58.616 INFO [main] org.apache.catalina.core.ApplicationContext.log ContextListener: contextInitialized()
26-Sep-2024 20:42:58.617 INFO [main] org.apache.catalina.core.ApplicationContext.log SessionListener: contextInitialized()
26-Sep-2024 20:42:58.619 INFO [main] org.apache.catalina.core.ApplicationContext.log ContextListener: attributeAdded('StockTicker', 'async.Stockticker@1d6d8751')
26-Sep-2024 20:43:01.094 INFO [http-nio-8080-exec-3] org.apache.catalina.core.ApplicationContext.log Initializing Spring DispatcherServlet 'dispatcher'
26-Sep-2024 20:43:13.184 INFO [Thread-5] org.apache.catalina.core.ApplicationContext.log Destroying Spring FrameworkServlet 'dispatcher'
26-Sep-2024 20:43:13.277 INFO [Thread-5] org.apache.catalina.core.ApplicationContext.log Closing Spring root WebApplicationContext
26-Sep-2024 20:43:14.481 INFO [Thread-5] org.apache.catalina.core.ApplicationContext.log SessionListener: contextDestroyed()
26-Sep-2024 20:43:14.481 INFO [Thread-5] org.apache.catalina.core.ApplicationContext.log ContextListener: contextDestroyed()
26-Sep-2024 20:43:33.480 INFO [main] org.apache.catalina.core.ApplicationContext.log No Spring WebApplicationInitializer types detected on classpath
26-Sep-2024 20:43:37.891 INFO [main] org.apache.catalina.core.ApplicationContext.log Initializing Spring root WebApplicationContext
26-Sep-2024 20:44:08.392 INFO [main] org.apache.catalina.core.ApplicationContext.log ContextListener: contextInitialized()
26-Sep-2024 20:44:08.392 INFO [main] org.apache.catalina.core.ApplicationContext.log SessionListener: contextInitialized()
26-Sep-2024 20:44:08.394 INFO [main] org.apache.catalina.core.ApplicationContext.log ContextListener: attributeAdded('StockTicker', 'async.Stockticker@4e437772')
26-Sep-2024 20:44:09.401 INFO [http-nio-8080-exec-4] org.apache.catalina.core.ApplicationContext.log Initializing Spring DispatcherServlet 'dispatcher'
26-Sep-2024 20:44:21.325 INFO [Thread-5] org.apache.catalina.core.ApplicationContext.log Destroying Spring FrameworkServlet 'dispatcher'
26-Sep-2024 20:44:21.480 INFO [Thread-5] org.apache.catalina.core.ApplicationContext.log Closing Spring root WebApplicationContext
26-Sep-2024 20:44:22.699 INFO [Thread-5] org.apache.catalina.core.ApplicationContext.log SessionListener: contextDestroyed()
26-Sep-2024 20:44:22.699 INFO [Thread-5] org.apache.catalina.core.ApplicationContext.log ContextListener: contextDestroyed()
26-Sep-2024 20:44:42.659 INFO [main] org.apache.catalina.core.ApplicationContext.log No Spring WebApplicationInitializer types detected on classpath
26-Sep-2024 20:44:46.410 INFO [main] org.apache.catalina.core.ApplicationContext.log Initializing Spring root WebApplicationContext
26-Sep-2024 20:45:14.812 INFO [main] org.apache.catalina.core.ApplicationContext.log ContextListener: contextInitialized()
26-Sep-2024 20:45:14.812 INFO [main] org.apache.catalina.core.ApplicationContext.log SessionListener: contextInitialized()
26-Sep-2024 20:45:14.814 INFO [main] org.apache.catalina.core.ApplicationContext.log ContextListener: attributeAdded('StockTicker', 'async.Stockticker@22623fe5')
26-Sep-2024 20:45:15.863 INFO [http-nio-8080-exec-4] org.apache.catalina.core.ApplicationContext.log Initializing Spring DispatcherServlet 'dispatcher'
26-Sep-2024 20:53:41.329 INFO [Thread-5] org.apache.catalina.core.ApplicationContext.log Destroying Spring FrameworkServlet 'dispatcher'
26-Sep-2024 20:53:41.401 INFO [Thread-5] org.apache.catalina.core.ApplicationContext.log Closing Spring root WebApplicationContext
26-Sep-2024 20:53:42.654 INFO [Thread-5] org.apache.catalina.core.ApplicationContext.log SessionListener: contextDestroyed()
26-Sep-2024 20:53:42.654 INFO [Thread-5] org.apache.catalina.core.ApplicationContext.log ContextListener: contextDestroyed()
26-Sep-2024 20:54:01.866 INFO [main] org.apache.catalina.core.ApplicationContext.log No Spring WebApplicationInitializer types detected on classpath
26-Sep-2024 20:54:07.183 INFO [main] org.apache.catalina.core.ApplicationContext.log Initializing Spring root WebApplicationContext
26-Sep-2024 20:54:40.567 INFO [main] org.apache.catalina.core.ApplicationContext.log ContextListener: contextInitialized()
26-Sep-2024 20:54:40.569 INFO [main] org.apache.catalina.core.ApplicationContext.log SessionListener: contextInitialized()
26-Sep-2024 20:54:40.579 INFO [main] org.apache.catalina.core.ApplicationContext.log ContextListener: attributeAdded('StockTicker', 'async.Stockticker@39cbc113')
26-Sep-2024 20:59:40.491 INFO [http-nio-8080-exec-2] org.apache.catalina.core.ApplicationContext.log Initializing Spring DispatcherServlet 'dispatcher'
26-Sep-2024 21:10:53.033 INFO [Thread-5] org.apache.catalina.core.ApplicationContext.log Destroying Spring FrameworkServlet 'dispatcher'
26-Sep-2024 21:10:53.220 INFO [Thread-5] org.apache.catalina.core.ApplicationContext.log Closing Spring root WebApplicationContext
26-Sep-2024 21:10:54.420 INFO [Thread-5] org.apache.catalina.core.ApplicationContext.log SessionListener: contextDestroyed()
26-Sep-2024 21:10:54.420 INFO [Thread-5] org.apache.catalina.core.ApplicationContext.log ContextListener: contextDestroyed()
26-Sep-2024 21:11:13.945 INFO [main] org.apache.catalina.core.ApplicationContext.log No Spring WebApplicationInitializer types detected on classpath
26-Sep-2024 21:11:18.637 INFO [main] org.apache.catalina.core.ApplicationContext.log Initializing Spring root WebApplicationContext
26-Sep-2024 21:11:46.233 INFO [main] org.apache.catalina.core.ApplicationContext.log ContextListener: contextInitialized()
26-Sep-2024 21:11:46.233 INFO [main] org.apache.catalina.core.ApplicationContext.log SessionListener: contextInitialized()
26-Sep-2024 21:11:46.235 INFO [main] org.apache.catalina.core.ApplicationContext.log ContextListener: attributeAdded('StockTicker', 'async.Stockticker@6568c13f')
26-Sep-2024 21:11:48.024 INFO [http-nio-8080-exec-1] org.apache.catalina.core.ApplicationContext.log Initializing Spring DispatcherServlet 'dispatcher'
26-Sep-2024 21:15:30.267 INFO [Thread-5] org.apache.catalina.core.ApplicationContext.log Destroying Spring FrameworkServlet 'dispatcher'
26-Sep-2024 21:15:30.485 INFO [Thread-5] org.apache.catalina.core.ApplicationContext.log Closing Spring root WebApplicationContext
26-Sep-2024 21:15:32.001 INFO [Thread-5] org.apache.catalina.core.ApplicationContext.log SessionListener: contextDestroyed()
26-Sep-2024 21:15:32.001 INFO [Thread-5] org.apache.catalina.core.ApplicationContext.log ContextListener: contextDestroyed()
26-Sep-2024 21:15:49.679 INFO [main] org.apache.catalina.core.ApplicationContext.log No Spring WebApplicationInitializer types detected on classpath
26-Sep-2024 21:15:53.439 INFO [main] org.apache.catalina.core.ApplicationContext.log Initializing Spring root WebApplicationContext
26-Sep-2024 21:16:21.170 INFO [main] org.apache.catalina.core.ApplicationContext.log ContextListener: contextInitialized()
26-Sep-2024 21:16:21.171 INFO [main] org.apache.catalina.core.ApplicationContext.log SessionListener: contextInitialized()
26-Sep-2024 21:16:21.173 INFO [main] org.apache.catalina.core.ApplicationContext.log ContextListener: attributeAdded('StockTicker', 'async.Stockticker@3dd652cf')
26-Sep-2024 21:16:22.383 INFO [http-nio-8080-exec-3] org.apache.catalina.core.ApplicationContext.log Initializing Spring DispatcherServlet 'dispatcher'
26-Sep-2024 21:19:27.317 INFO [Thread-5] org.apache.catalina.core.ApplicationContext.log Destroying Spring FrameworkServlet 'dispatcher'
26-Sep-2024 21:19:27.411 INFO [Thread-5] org.apache.catalina.core.ApplicationContext.log Closing Spring root WebApplicationContext
26-Sep-2024 21:19:28.614 INFO [Thread-5] org.apache.catalina.core.ApplicationContext.log SessionListener: contextDestroyed()
26-Sep-2024 21:19:28.614 INFO [Thread-5] org.apache.catalina.core.ApplicationContext.log ContextListener: contextDestroyed()
26-Sep-2024 21:19:47.606 INFO [main] org.apache.catalina.core.ApplicationContext.log No Spring WebApplicationInitializer types detected on classpath
26-Sep-2024 21:19:51.461 INFO [main] org.apache.catalina.core.ApplicationContext.log Initializing Spring root WebApplicationContext
26-Sep-2024 21:20:16.682 INFO [main] org.apache.catalina.core.ApplicationContext.log ContextListener: contextInitialized()
26-Sep-2024 21:20:16.682 INFO [main] org.apache.catalina.core.ApplicationContext.log SessionListener: contextInitialized()
26-Sep-2024 21:20:16.682 INFO [main] org.apache.catalina.core.ApplicationContext.log ContextListener: attributeAdded('StockTicker', 'async.Stockticker@2f30a897')
26-Sep-2024 21:21:23.913 INFO [Thread-5] org.apache.catalina.core.ApplicationContext.log Closing Spring root WebApplicationContext
26-Sep-2024 21:21:25.426 INFO [Thread-5] org.apache.catalina.core.ApplicationContext.log SessionListener: contextDestroyed()
26-Sep-2024 21:21:25.426 INFO [Thread-5] org.apache.catalina.core.ApplicationContext.log ContextListener: contextDestroyed()
26-Sep-2024 21:21:44.334 INFO [main] org.apache.catalina.core.ApplicationContext.log No Spring WebApplicationInitializer types detected on classpath
26-Sep-2024 21:21:47.835 INFO [main] org.apache.catalina.core.ApplicationContext.log Initializing Spring root WebApplicationContext
26-Sep-2024 21:22:14.463 INFO [main] org.apache.catalina.core.ApplicationContext.log ContextListener: contextInitialized()
26-Sep-2024 21:22:14.463 INFO [main] org.apache.catalina.core.ApplicationContext.log SessionListener: contextInitialized()
26-Sep-2024 21:22:14.463 INFO [main] org.apache.catalina.core.ApplicationContext.log ContextListener: attributeAdded('StockTicker', 'async.Stockticker@6353b764')
26-Sep-2024 21:22:15.461 INFO [http-nio-8080-exec-4] org.apache.catalina.core.ApplicationContext.log Initializing Spring DispatcherServlet 'dispatcher'
26-Sep-2024 21:24:15.864 INFO [Thread-5] org.apache.catalina.core.ApplicationContext.log Destroying Spring FrameworkServlet 'dispatcher'
26-Sep-2024 21:24:15.989 INFO [Thread-5] org.apache.catalina.core.ApplicationContext.log Closing Spring root WebApplicationContext
26-Sep-2024 21:24:17.754 INFO [Thread-5] org.apache.catalina.core.ApplicationContext.log SessionListener: contextDestroyed()
26-Sep-2024 21:24:17.754 INFO [Thread-5] org.apache.catalina.core.ApplicationContext.log ContextListener: contextDestroyed()
26-Sep-2024 21:24:40.595 INFO [main] org.apache.catalina.core.ApplicationContext.log No Spring WebApplicationInitializer types detected on classpath
26-Sep-2024 21:24:44.435 INFO [main] org.apache.catalina.core.ApplicationContext.log Initializing Spring root WebApplicationContext
26-Sep-2024 21:25:10.968 INFO [main] org.apache.catalina.core.ApplicationContext.log ContextListener: contextInitialized()
26-Sep-2024 21:25:10.968 INFO [main] org.apache.catalina.core.ApplicationContext.log SessionListener: contextInitialized()
26-Sep-2024 21:25:10.970 INFO [main] org.apache.catalina.core.ApplicationContext.log ContextListener: attributeAdded('StockTicker', 'async.Stockticker@69d01206')
26-Sep-2024 21:25:12.196 INFO [http-nio-8080-exec-4] org.apache.catalina.core.ApplicationContext.log Initializing Spring DispatcherServlet 'dispatcher'
26-Sep-2024 21:28:29.061 INFO [Thread-5] org.apache.catalina.core.ApplicationContext.log Destroying Spring FrameworkServlet 'dispatcher'
26-Sep-2024 21:28:29.373 INFO [Thread-5] org.apache.catalina.core.ApplicationContext.log Closing Spring root WebApplicationContext
26-Sep-2024 21:28:30.750 INFO [Thread-5] org.apache.catalina.core.ApplicationContext.log SessionListener: contextDestroyed()
26-Sep-2024 21:28:30.750 INFO [Thread-5] org.apache.catalina.core.ApplicationContext.log ContextListener: contextDestroyed()
26-Sep-2024 21:28:57.440 INFO [main] org.apache.catalina.core.ApplicationContext.log No Spring WebApplicationInitializer types detected on classpath
26-Sep-2024 21:29:01.612 INFO [main] org.apache.catalina.core.ApplicationContext.log Initializing Spring root WebApplicationContext
26-Sep-2024 21:29:37.305 INFO [main] org.apache.catalina.core.ApplicationContext.log ContextListener: contextInitialized()
26-Sep-2024 21:29:37.305 INFO [main] org.apache.catalina.core.ApplicationContext.log SessionListener: contextInitialized()
26-Sep-2024 21:29:37.311 INFO [main] org.apache.catalina.core.ApplicationContext.log ContextListener: attributeAdded('StockTicker', 'async.Stockticker@28d421da')
26-Sep-2024 21:29:38.457 INFO [http-nio-8080-exec-4] org.apache.catalina.core.ApplicationContext.log Initializing Spring DispatcherServlet 'dispatcher'
26-Sep-2024 21:31:21.183 INFO [Thread-5] org.apache.catalina.core.ApplicationContext.log Destroying Spring FrameworkServlet 'dispatcher'
26-Sep-2024 21:31:21.247 INFO [Thread-5] org.apache.catalina.core.ApplicationContext.log Closing Spring root WebApplicationContext
26-Sep-2024 21:31:22.972 INFO [Thread-5] org.apache.catalina.core.ApplicationContext.log SessionListener: contextDestroyed()
26-Sep-2024 21:31:22.972 INFO [Thread-5] org.apache.catalina.core.ApplicationContext.log ContextListener: contextDestroyed()
26-Sep-2024 21:31:42.653 INFO [main] org.apache.catalina.core.ApplicationContext.log No Spring WebApplicationInitializer types detected on classpath
26-Sep-2024 21:31:47.890 INFO [main] org.apache.catalina.core.ApplicationContext.log Initializing Spring root WebApplicationContext
26-Sep-2024 21:32:16.200 INFO [main] org.apache.catalina.core.ApplicationContext.log ContextListener: contextInitialized()
26-Sep-2024 21:32:16.200 INFO [main] org.apache.catalina.core.ApplicationContext.log SessionListener: contextInitialized()
26-Sep-2024 21:32:16.203 INFO [main] org.apache.catalina.core.ApplicationContext.log ContextListener: attributeAdded('StockTicker', 'async.Stockticker@61e9f796')
26-Sep-2024 21:33:14.669 INFO [Thread-5] org.apache.catalina.core.ApplicationContext.log Closing Spring root WebApplicationContext
26-Sep-2024 21:33:16.145 INFO [Thread-5] org.apache.catalina.core.ApplicationContext.log SessionListener: contextDestroyed()
26-Sep-2024 21:33:16.145 INFO [Thread-5] org.apache.catalina.core.ApplicationContext.log ContextListener: contextDestroyed()
26-Sep-2024 21:33:36.534 INFO [main] org.apache.catalina.core.ApplicationContext.log No Spring WebApplicationInitializer types detected on classpath
26-Sep-2024 21:33:40.609 INFO [main] org.apache.catalina.core.ApplicationContext.log Initializing Spring root WebApplicationContext
26-Sep-2024 21:34:09.471 INFO [main] org.apache.catalina.core.ApplicationContext.log ContextListener: contextInitialized()
26-Sep-2024 21:34:09.472 INFO [main] org.apache.catalina.core.ApplicationContext.log SessionListener: contextInitialized()
26-Sep-2024 21:34:09.475 INFO [main] org.apache.catalina.core.ApplicationContext.log ContextListener: attributeAdded('StockTicker', 'async.Stockticker@1e1eb365')
26-Sep-2024 21:34:10.340 INFO [http-nio-8080-exec-2] org.apache.catalina.core.ApplicationContext.log Initializing Spring DispatcherServlet 'dispatcher'
26-Sep-2024 21:35:15.595 INFO [Thread-5] org.apache.catalina.core.ApplicationContext.log Destroying Spring FrameworkServlet 'dispatcher'
26-Sep-2024 21:35:15.762 INFO [Thread-5] org.apache.catalina.core.ApplicationContext.log Closing Spring root WebApplicationContext
26-Sep-2024 21:35:17.110 INFO [Thread-5] org.apache.catalina.core.ApplicationContext.log SessionListener: contextDestroyed()
26-Sep-2024 21:35:17.110 INFO [Thread-5] org.apache.catalina.core.ApplicationContext.log ContextListener: contextDestroyed()
26-Sep-2024 21:35:36.695 INFO [main] org.apache.catalina.core.ApplicationContext.log No Spring WebApplicationInitializer types detected on classpath
26-Sep-2024 21:35:40.688 INFO [main] org.apache.catalina.core.ApplicationContext.log Initializing Spring root WebApplicationContext
26-Sep-2024 21:36:06.842 INFO [main] org.apache.catalina.core.ApplicationContext.log ContextListener: contextInitialized()
26-Sep-2024 21:36:06.842 INFO [main] org.apache.catalina.core.ApplicationContext.log SessionListener: contextInitialized()
26-Sep-2024 21:36:06.843 INFO [main] org.apache.catalina.core.ApplicationContext.log ContextListener: attributeAdded('StockTicker', 'async.Stockticker@32cc5d9e')
26-Sep-2024 21:36:07.806 INFO [http-nio-8080-exec-8] org.apache.catalina.core.ApplicationContext.log Initializing Spring DispatcherServlet 'dispatcher'
26-Sep-2024 21:43:52.210 INFO [Thread-5] org.apache.catalina.core.ApplicationContext.log Destroying Spring FrameworkServlet 'dispatcher'
26-Sep-2024 21:43:52.397 INFO [Thread-5] org.apache.catalina.core.ApplicationContext.log Closing Spring root WebApplicationContext
26-Sep-2024 21:43:53.642 INFO [Thread-5] org.apache.catalina.core.ApplicationContext.log SessionListener: contextDestroyed()
26-Sep-2024 21:43:53.642 INFO [Thread-5] org.apache.catalina.core.ApplicationContext.log ContextListener: contextDestroyed()
26-Sep-2024 21:44:15.537 INFO [main] org.apache.catalina.core.ApplicationContext.log No Spring WebApplicationInitializer types detected on classpath
26-Sep-2024 21:44:19.686 INFO [main] org.apache.catalina.core.ApplicationContext.log Initializing Spring root WebApplicationContext
26-Sep-2024 21:44:46.558 INFO [main] org.apache.catalina.core.ApplicationContext.log ContextListener: contextInitialized()
26-Sep-2024 21:44:46.558 INFO [main] org.apache.catalina.core.ApplicationContext.log SessionListener: contextInitialized()
26-Sep-2024 21:44:46.561 INFO [main] org.apache.catalina.core.ApplicationContext.log ContextListener: attributeAdded('StockTicker', 'async.Stockticker@444bbcf5')
26-Sep-2024 21:44:47.396 INFO [http-nio-8080-exec-6] org.apache.catalina.core.ApplicationContext.log Initializing Spring DispatcherServlet 'dispatcher'
26-Sep-2024 21:50:20.054 INFO [Thread-5] org.apache.catalina.core.ApplicationContext.log Destroying Spring FrameworkServlet 'dispatcher'
26-Sep-2024 21:50:20.195 INFO [Thread-5] org.apache.catalina.core.ApplicationContext.log Closing Spring root WebApplicationContext
26-Sep-2024 21:50:21.739 INFO [Thread-5] org.apache.catalina.core.ApplicationContext.log SessionListener: contextDestroyed()
26-Sep-2024 21:50:21.739 INFO [Thread-5] org.apache.catalina.core.ApplicationContext.log ContextListener: contextDestroyed()
26-Sep-2024 21:50:42.609 INFO [main] org.apache.catalina.core.ApplicationContext.log No Spring WebApplicationInitializer types detected on classpath
26-Sep-2024 21:50:47.175 INFO [main] org.apache.catalina.core.ApplicationContext.log Initializing Spring root WebApplicationContext
26-Sep-2024 21:51:14.199 INFO [main] org.apache.catalina.core.ApplicationContext.log ContextListener: contextInitialized()
26-Sep-2024 21:51:14.200 INFO [main] org.apache.catalina.core.ApplicationContext.log SessionListener: contextInitialized()
26-Sep-2024 21:51:14.201 INFO [main] org.apache.catalina.core.ApplicationContext.log ContextListener: attributeAdded('StockTicker', 'async.Stockticker@3814e676')
26-Sep-2024 21:51:15.142 INFO [http-nio-8080-exec-9] org.apache.catalina.core.ApplicationContext.log Initializing Spring DispatcherServlet 'dispatcher'
26-Sep-2024 22:46:33.789 INFO [Thread-5] org.apache.catalina.core.ApplicationContext.log Destroying Spring FrameworkServlet 'dispatcher'
26-Sep-2024 22:46:34.376 INFO [Thread-5] org.apache.catalina.core.ApplicationContext.log Closing Spring root WebApplicationContext
26-Sep-2024 22:46:36.533 INFO [Thread-5] org.apache.catalina.core.ApplicationContext.log SessionListener: contextDestroyed()
26-Sep-2024 22:46:36.534 INFO [Thread-5] org.apache.catalina.core.ApplicationContext.log ContextListener: contextDestroyed()
26-Sep-2024 22:47:15.059 INFO [main] org.apache.catalina.core.ApplicationContext.log No Spring WebApplicationInitializer types detected on classpath
26-Sep-2024 22:47:24.944 INFO [main] org.apache.catalina.core.ApplicationContext.log Initializing Spring root WebApplicationContext
26-Sep-2024 22:48:27.552 INFO [main] org.apache.catalina.core.ApplicationContext.log ContextListener: contextInitialized()
26-Sep-2024 22:48:27.553 INFO [main] org.apache.catalina.core.ApplicationContext.log SessionListener: contextInitialized()
26-Sep-2024 22:48:27.560 INFO [main] org.apache.catalina.core.ApplicationContext.log ContextListener: attributeAdded('StockTicker', 'async.Stockticker@f25b9bc')
26-Sep-2024 22:48:29.577 INFO [http-nio-8080-exec-4] org.apache.catalina.core.ApplicationContext.log Initializing Spring DispatcherServlet 'dispatcher'
26-Sep-2024 22:49:25.648 INFO [Thread-5] org.apache.catalina.core.ApplicationContext.log Destroying Spring FrameworkServlet 'dispatcher'
26-Sep-2024 22:49:25.807 INFO [Thread-5] org.apache.catalina.core.ApplicationContext.log Closing Spring root WebApplicationContext
26-Sep-2024 22:49:27.413 INFO [Thread-5] org.apache.catalina.core.ApplicationContext.log SessionListener: contextDestroyed()
26-Sep-2024 22:49:27.413 INFO [Thread-5] org.apache.catalina.core.ApplicationContext.log ContextListener: contextDestroyed()
26-Sep-2024 22:50:03.501 INFO [main] org.apache.catalina.core.ApplicationContext.log No Spring WebApplicationInitializer types detected on classpath
26-Sep-2024 22:50:12.243 INFO [main] org.apache.catalina.core.ApplicationContext.log Initializing Spring root WebApplicationContext
26-Sep-2024 22:51:07.974 INFO [main] org.apache.catalina.core.ApplicationContext.log ContextListener: contextInitialized()
26-Sep-2024 22:51:07.974 INFO [main] org.apache.catalina.core.ApplicationContext.log SessionListener: contextInitialized()
26-Sep-2024 22:51:07.977 INFO [main] org.apache.catalina.core.ApplicationContext.log ContextListener: attributeAdded('StockTicker', 'async.Stockticker@5b9cf0bf')
26-Sep-2024 22:51:09.545 INFO [http-nio-8080-exec-4] org.apache.catalina.core.ApplicationContext.log Initializing Spring DispatcherServlet 'dispatcher'
26-Sep-2024 22:51:51.967 INFO [Thread-6] org.apache.catalina.core.ApplicationContext.log Destroying Spring FrameworkServlet 'dispatcher'
26-Sep-2024 22:51:52.151 INFO [Thread-6] org.apache.catalina.core.ApplicationContext.log Closing Spring root WebApplicationContext
26-Sep-2024 22:51:54.322 INFO [Thread-6] org.apache.catalina.core.ApplicationContext.log SessionListener: contextDestroyed()
26-Sep-2024 22:51:54.322 INFO [Thread-6] org.apache.catalina.core.ApplicationContext.log ContextListener: contextDestroyed()
26-Sep-2024 22:52:24.648 INFO [main] org.apache.catalina.core.ApplicationContext.log No Spring WebApplicationInitializer types detected on classpath
26-Sep-2024 22:52:33.189 INFO [main] org.apache.catalina.core.ApplicationContext.log Initializing Spring root WebApplicationContext
26-Sep-2024 22:53:28.174 INFO [main] org.apache.catalina.core.ApplicationContext.log ContextListener: contextInitialized()
26-Sep-2024 22:53:28.174 INFO [main] org.apache.catalina.core.ApplicationContext.log SessionListener: contextInitialized()
26-Sep-2024 22:53:28.179 INFO [main] org.apache.catalina.core.ApplicationContext.log ContextListener: attributeAdded('StockTicker', 'async.Stockticker@a5d2ebe')
26-Sep-2024 22:53:29.794 INFO [http-nio-8080-exec-8] org.apache.catalina.core.ApplicationContext.log Initializing Spring DispatcherServlet 'dispatcher'
26-Sep-2024 23:24:35.979 INFO [Thread-5] org.apache.catalina.core.ApplicationContext.log Destroying Spring FrameworkServlet 'dispatcher'
26-Sep-2024 23:24:36.380 INFO [Thread-5] org.apache.catalina.core.ApplicationContext.log Closing Spring root WebApplicationContext
26-Sep-2024 23:24:38.520 INFO [Thread-5] org.apache.catalina.core.ApplicationContext.log SessionListener: contextDestroyed()
26-Sep-2024 23:24:38.520 INFO [Thread-5] org.apache.catalina.core.ApplicationContext.log ContextListener: contextDestroyed()
26-Sep-2024 23:25:17.783 INFO [main] org.apache.catalina.core.ApplicationContext.log No Spring WebApplicationInitializer types detected on classpath
26-Sep-2024 23:25:26.618 INFO [main] org.apache.catalina.core.ApplicationContext.log Initializing Spring root WebApplicationContext
26-Sep-2024 23:26:20.556 INFO [main] org.apache.catalina.core.ApplicationContext.log ContextListener: contextInitialized()
26-Sep-2024 23:26:20.557 INFO [main] org.apache.catalina.core.ApplicationContext.log SessionListener: contextInitialized()
26-Sep-2024 23:26:20.562 INFO [main] org.apache.catalina.core.ApplicationContext.log ContextListener: attributeAdded('StockTicker', 'async.Stockticker@65b71ccf')
26-Sep-2024 23:26:22.717 INFO [http-nio-8080-exec-3] org.apache.catalina.core.ApplicationContext.log Initializing Spring DispatcherServlet 'dispatcher'
